<?xml version="1.0" encoding="UTF-8"?>
<testsuite name="com.telran.automation.tests.tests.ContactModificationTests" tests="1" skipped="0" failures="0" errors="0" timestamp="2018-08-16T11:50:06" hostname="Dell" time="8.459">
  <properties/>
  <testcase name="testContactModification" classname="com.telran.automation.tests.tests.ContactModificationTests" time="8.459"/>
  <system-out><![CDATA[]]></system-out>
  <system-err><![CDATA[]]></system-err>
</testsuite>
