<?xml version="1.0" encoding="UTF-8"?>
<testsuite name="com.telran.automation.tests.tests.GroupModificationTests" tests="1" skipped="0" failures="0" errors="0" timestamp="2018-08-13T07:53:41" hostname="Dell" time="1.546">
  <properties/>
  <testcase name="testGroupModification" classname="com.telran.automation.tests.tests.GroupModificationTests" time="1.546"/>
  <system-out><![CDATA[]]></system-out>
  <system-err><![CDATA[]]></system-err>
</testsuite>
