<?xml version="1.0" encoding="UTF-8"?>
<testsuite name="com.telran.automation.tests.tests.ContactDeletionTest" tests="1" skipped="0" failures="0" errors="0" timestamp="2018-08-13T07:54:05" hostname="Dell" time="3.488">
  <properties/>
  <testcase name="deleteContact" classname="com.telran.automation.tests.tests.ContactDeletionTest" time="3.488"/>
  <system-out><![CDATA[]]></system-out>
  <system-err><![CDATA[]]></system-err>
</testsuite>
