<?xml version="1.0" encoding="UTF-8"?>
<testsuite name="com.telran.automation.tests.tests.GroupCreationTests" tests="2" skipped="0" failures="0" errors="0" timestamp="2018-08-16T11:49:50" hostname="Dell" time="4.563">
  <properties/>
  <testcase name="testGroupCreation" classname="com.telran.automation.tests.tests.GroupCreationTests" time="1.969"/>
  <testcase name="testGroupWithLongNameCreation" classname="com.telran.automation.tests.tests.GroupCreationTests" time="2.594"/>
  <system-out><![CDATA[count before:16; count after creation is: 17
]]></system-out>
  <system-err><![CDATA[]]></system-err>
</testsuite>
